  Game.cpp
  State.cpp
  main.cpp
  Создание кода...
sfml-graphics-s-d.lib(GLCheck.obj) : warning LNK4099: "" PDB не найден с "sfml-graphics-s-d.lib(GLCheck.obj)" или на ""; компоновка объекта выполняется как при отсутствии отладочных данных
sfml-graphics-s-d.lib(Image.obj) : warning LNK4099: "" PDB не найден с "sfml-graphics-s-d.lib(Image.obj)" или на ""; компоновка объекта выполняется как при отсутствии отладочных данных
sfml-graphics-s-d.lib(ImageLoader.obj) : warning LNK4099: "" PDB не найден с "sfml-graphics-s-d.lib(ImageLoader.obj)" или на ""; компоновка объекта выполняется как при отсутствии отладочных данных
sfml-graphics-s-d.lib(RenderTarget.obj) : warning LNK4099: "" PDB не найден с "sfml-graphics-s-d.lib(RenderTarget.obj)" или на ""; компоновка объекта выполняется как при отсутствии отладочных данных
sfml-graphics-s-d.lib(Shader.obj) : warning LNK4099: "" PDB не найден с "sfml-graphics-s-d.lib(Shader.obj)" или на ""; компоновка объекта выполняется как при отсутствии отладочных данных
sfml-graphics-s-d.lib(Texture.obj) : warning LNK4099: "" PDB не найден с "sfml-graphics-s-d.lib(Texture.obj)" или на ""; компоновка объекта выполняется как при отсутствии отладочных данных
sfml-graphics-s-d.lib(RenderTextureImplFBO.obj) : warning LNK4099: "" PDB не найден с "sfml-graphics-s-d.lib(RenderTextureImplFBO.obj)" или на ""; компоновка объекта выполняется как при отсутствии отладочных данных
sfml-window-s-d.lib(GlContext.obj) : warning LNK4099: "" PDB не найден с "sfml-window-s-d.lib(GlContext.obj)" или на ""; компоновка объекта выполняется как при отсутствии отладочных данных
sfml-window-s-d.lib(JoystickManager.obj) : warning LNK4099: "" PDB не найден с "sfml-window-s-d.lib(JoystickManager.obj)" или на ""; компоновка объекта выполняется как при отсутствии отладочных данных
sfml-window-s-d.lib(VideoMode.obj) : warning LNK4099: "" PDB не найден с "sfml-window-s-d.lib(VideoMode.obj)" или на ""; компоновка объекта выполняется как при отсутствии отладочных данных
sfml-window-s-d.lib(WindowImpl.obj) : warning LNK4099: "" PDB не найден с "sfml-window-s-d.lib(WindowImpl.obj)" или на ""; компоновка объекта выполняется как при отсутствии отладочных данных
sfml-window-s-d.lib(JoystickImpl.obj) : warning LNK4099: "" PDB не найден с "sfml-window-s-d.lib(JoystickImpl.obj)" или на ""; компоновка объекта выполняется как при отсутствии отладочных данных
sfml-window-s-d.lib(VideoModeImpl.obj) : warning LNK4099: "" PDB не найден с "sfml-window-s-d.lib(VideoModeImpl.obj)" или на ""; компоновка объекта выполняется как при отсутствии отладочных данных
sfml-window-s-d.lib(VulkanImplWin32.obj) : warning LNK4099: "" PDB не найден с "sfml-window-s-d.lib(VulkanImplWin32.obj)" или на ""; компоновка объекта выполняется как при отсутствии отладочных данных
sfml-window-s-d.lib(WindowImplWin32.obj) : warning LNK4099: "" PDB не найден с "sfml-window-s-d.lib(WindowImplWin32.obj)" или на ""; компоновка объекта выполняется как при отсутствии отладочных данных
sfml-window-s-d.lib(WglContext.obj) : warning LNK4099: "" PDB не найден с "sfml-window-s-d.lib(WglContext.obj)" или на ""; компоновка объекта выполняется как при отсутствии отладочных данных
sfml-system-s-d.lib(String.obj) : warning LNK4099: "" PDB не найден с "sfml-system-s-d.lib(String.obj)" или на ""; компоновка объекта выполняется как при отсутствии отладочных данных
  rpg-like.vcxproj -> C:\Users\PC\Documents\Github\rpg-like\rpg-like\x64\Debug\rpg-like.exe
